<?xml version="1.0" encoding="UTF-8"?>
<!-- Generated by org.testng.reporters.JUnitReportReporter -->
<testsuite hostname="DESKTOP-AGBCM7S" failures="0" tests="2" name="com.flipkart.qa.testclasses.HomePageTest" time="10.366" errors="0" timestamp="2020-07-24T04:01:44 PDT" skipped="0">
  <testcase classname="com.flipkart.qa.testclasses.HomePageTest" name="Login" time="10.293"/>
  <system-out/>
  <testcase classname="com.flipkart.qa.testclasses.HomePageTest" name="verifyHomePageLabelTest" time="0.073"/>
  <system-out/>
</testsuite> <!-- com.flipkart.qa.testclasses.HomePageTest -->
