<?xml version="1.0" encoding="UTF-8"?>
<!-- Generated by org.testng.reporters.JUnitReportReporter -->
<testsuite hostname="DESKTOP-AGBCM7S" failures="0" tests="2" name="com.flipkart.qa.testclasses.LogoutPageTest" time="0.920" errors="0" timestamp="2020-07-24T04:01:44 PDT" skipped="0">
  <testcase classname="com.flipkart.qa.testclasses.LogoutPageTest" name="TearDown" time="0.648"/>
  <system-out/>
  <testcase classname="com.flipkart.qa.testclasses.LogoutPageTest" name="LogoutTest" time="0.272"/>
  <system-out/>
</testsuite> <!-- com.flipkart.qa.testclasses.LogoutPageTest -->
